<?xml version="1.0" encoding="UTF-8"?>
<!-- Generated by org.testng.reporters.JUnitReportReporter -->
<testsuite hostname="vikas-Vostro-2420" name="com.proptiger1.CheckAllPages" tests="9" failures="0" timestamp="26 Dec 2014 16:00:48 GMT" time="1341.322" errors="1">
  <testcase name="Safari_iOS7__AllPageTest" time="163.649" classname="com.proptiger1.CheckAllPages"/>
  <testcase name="Safari_iOS8__AllPageTest" time="166.339" classname="com.proptiger1.CheckAllPages"/>
  <testcase name="FireFox_Android_AllPageTest" time="174.803" classname="com.proptiger1.CheckAllPages"/>
  <testcase name="Chrome_AndroidMobile__AllPageTest" time="164.968" classname="com.proptiger1.CheckAllPages"/>
  <testcase name="Chrome_AndroidTablet_AllPageTest" time="164.799" classname="com.proptiger1.CheckAllPages"/>
  <testcase name="Chrome_iPhone_AllPageTest" time="164.803" classname="com.proptiger1.CheckAllPages"/>
  <testcase name="OperaMini_Android__AllPageTest" time="164.630" classname="com.proptiger1.CheckAllPages"/>
  <testcase name="OperaMini_iPhone__AllPageTest" time="18.660" classname="com.proptiger1.CheckAllPages">
    <error type="java.lang.AssertionError" message="Interstitial is not coming on home page">
      <![CDATA[java.lang.AssertionError: Interstitial is not coming on home page
	at org.testng.Assert.fail(Assert.java:94)
	at com.proptiger1.Cross_PlatForm.interstitial(Cross_PlatForm.java:222)
	at com.proptiger1.Cross_PlatForm.AllPages(Cross_PlatForm.java:20)
	at com.proptiger1.CheckAllPages.OperaMini_iPhone__AllPageTest(CheckAllPages.java:124)
	at sun.reflect.NativeMethodAccessorImpl.invoke0(Native Method)
	at sun.reflect.NativeMethodAccessorImpl.invoke(NativeMethodAccessorImpl.java:57)
	at sun.reflect.DelegatingMethodAccessorImpl.invoke(DelegatingMethodAccessorImpl.java:43)
	at java.lang.reflect.Method.invoke(Method.java:606)
	at org.testng.internal.MethodInvocationHelper.invokeMethod(MethodInvocationHelper.java:84)
	at org.testng.internal.Invoker.invokeMethod(Invoker.java:714)
	at org.testng.internal.Invoker.invokeTestMethod(Invoker.java:901)
	at org.testng.internal.Invoker.invokeTestMethods(Invoker.java:1231)
	at org.testng.internal.TestMethodWorker.invokeTestMethods(TestMethodWorker.java:127)
	at org.testng.internal.TestMethodWorker.run(TestMethodWorker.java:111)
	at org.testng.TestRunner.privateRun(TestRunner.java:767)
	at org.testng.TestRunner.run(TestRunner.java:617)
	at org.testng.SuiteRunner.runTest(SuiteRunner.java:334)
	at org.testng.SuiteRunner.runSequentially(SuiteRunner.java:329)
	at org.testng.SuiteRunner.privateRun(SuiteRunner.java:291)
	at org.testng.SuiteRunner.run(SuiteRunner.java:240)
	at org.testng.SuiteRunnerWorker.runSuite(SuiteRunnerWorker.java:52)
	at org.testng.SuiteRunnerWorker.run(SuiteRunnerWorker.java:86)
	at org.testng.TestNG.runSuitesSequentially(TestNG.java:1224)
	at org.testng.TestNG.runSuitesLocally(TestNG.java:1149)
	at org.testng.TestNG.run(TestNG.java:1057)
	at org.testng.TestNG.privateMain(TestNG.java:1364)
	at org.testng.TestNG.main(TestNG.java:1333)
]]>
    </error>
  </testcase> <!-- OperaMini_iPhone__AllPageTest -->
  <testcase name="IE_Nokia_Lumia920__AllPageTest" time="158.671" classname="com.proptiger1.CheckAllPages"/>
</testsuite> <!-- com.proptiger1.CheckAllPages -->
