<?xml version="1.0" encoding="UTF-8"?>
<!-- Generated by org.testng.reporters.JUnitReportReporter -->
<testsuite hostname="vikas-Vostro-2420" name="com.proptiger1.CheckAllPages" tests="7" failures="0" timestamp="25 Dec 2014 13:42:13 GMT" time="987.536" errors="1">
  <testcase name="Safari_iOS7__AllPageTest" time="157.396" classname="com.proptiger1.CheckAllPages"/>
  <testcase name="Chrome_AndroidTablet_AllPageTest" time="31.728" classname="com.proptiger1.CheckAllPages">
    <error type="java.lang.AssertionError" message="
 City Overview page url is wrong or not opening inChrome_AndroidTablet">
      <![CDATA[java.lang.AssertionError: 
 City Overview page url is wrong or not opening inChrome_AndroidTablet
	at org.testng.Assert.fail(Assert.java:94)
	at com.proptiger1.Cross_PlatForm.AllPages(Cross_PlatForm.java:41)
	at com.proptiger1.CheckAllPages.Chrome_AndroidTablet_AllPageTest(CheckAllPages.java:35)
	at sun.reflect.NativeMethodAccessorImpl.invoke0(Native Method)
	at sun.reflect.NativeMethodAccessorImpl.invoke(NativeMethodAccessorImpl.java:57)
	at sun.reflect.DelegatingMethodAccessorImpl.invoke(DelegatingMethodAccessorImpl.java:43)
	at java.lang.reflect.Method.invoke(Method.java:606)
	at org.testng.internal.MethodInvocationHelper.invokeMethod(MethodInvocationHelper.java:84)
	at org.testng.internal.Invoker.invokeMethod(Invoker.java:714)
	at org.testng.internal.Invoker.invokeTestMethod(Invoker.java:901)
	at org.testng.internal.Invoker.invokeTestMethods(Invoker.java:1231)
	at org.testng.internal.TestMethodWorker.invokeTestMethods(TestMethodWorker.java:127)
	at org.testng.internal.TestMethodWorker.run(TestMethodWorker.java:111)
	at org.testng.TestRunner.privateRun(TestRunner.java:767)
	at org.testng.TestRunner.run(TestRunner.java:617)
	at org.testng.SuiteRunner.runTest(SuiteRunner.java:334)
	at org.testng.SuiteRunner.runSequentially(SuiteRunner.java:329)
	at org.testng.SuiteRunner.privateRun(SuiteRunner.java:291)
	at org.testng.SuiteRunner.run(SuiteRunner.java:240)
	at org.testng.SuiteRunnerWorker.runSuite(SuiteRunnerWorker.java:52)
	at org.testng.SuiteRunnerWorker.run(SuiteRunnerWorker.java:86)
	at org.testng.TestNG.runSuitesSequentially(TestNG.java:1224)
	at org.testng.TestNG.runSuitesLocally(TestNG.java:1149)
	at org.testng.TestNG.run(TestNG.java:1057)
	at org.testng.TestNG.privateMain(TestNG.java:1364)
	at org.testng.TestNG.main(TestNG.java:1333)
]]>
    </error>
  </testcase> <!-- Chrome_AndroidTablet_AllPageTest -->
  <testcase name="Safari_iOS8__AllPageTest" time="154.877" classname="com.proptiger1.CheckAllPages"/>
  <testcase name="Chrome_AndroidMobile__AllPageTest" time="163.332" classname="com.proptiger1.CheckAllPages"/>
  <testcase name="Chrome_iPhone_AllPageTest" time="164.971" classname="com.proptiger1.CheckAllPages"/>
  <testcase name="FireFox_Android_AllPageTest" time="156.360" classname="com.proptiger1.CheckAllPages"/>
  <testcase name="IE_Nokia_Lumia920__AllPageTest" time="158.872" classname="com.proptiger1.CheckAllPages"/>
</testsuite> <!-- com.proptiger1.CheckAllPages -->
