<?xml version="1.0" encoding="UTF-8"?>
<!-- Generated by org.testng.reporters.JUnitReportReporter -->
<testsuite hostname="vikas-Vostro-2420" name="com.proptiger1.CheckoutProcess_TestMatrix" tests="9" failures="0" timestamp="21 Jan 2015 21:38:38 GMT" time="558.564" errors="0">
  <testcase name="CheckoutIE_Nokia_Lumia920" time="68.989" classname="com.proptiger1.CheckoutProcess_TestMatrix"/>
  <testcase name="CheckoutOperaMini_Android" time="94.467" classname="com.proptiger1.CheckoutProcess_TestMatrix"/>
  <testcase name="CheckoutChrome_iPhone" time="68.991" classname="com.proptiger1.CheckoutProcess_TestMatrix"/>
  <testcase name="CheckoutOperaMini_iPhone" time="51.560" classname="com.proptiger1.CheckoutProcess_TestMatrix"/>
  <testcase name="CheckoutChrome_AndroidTablet" time="72.629" classname="com.proptiger1.CheckoutProcess_TestMatrix"/>
  <testcase name="CheckoutFireFox_Android" time="61.400" classname="com.proptiger1.CheckoutProcess_TestMatrix"/>
  <testcase name="CheckoutChrome_AndroidMobile" time="72.030" classname="com.proptiger1.CheckoutProcess_TestMatrix"/>
  <testcase name="CheckoutSafari_iOS8" time="5.280" classname="com.proptiger1.CheckoutProcess_TestMatrix"/>
  <testcase name="CheckoutSafari_iOS7" time="63.218" classname="com.proptiger1.CheckoutProcess_TestMatrix"/>
</testsuite> <!-- com.proptiger1.CheckoutProcess_TestMatrix -->
