<?xml version="1.0" encoding="UTF-8"?>
<!-- Generated by org.testng.reporters.JUnitReportReporter -->
<testsuite hostname="vikas-Vostro-2420" name="com.proptiger1.MobileTestBed" tests="9" failures="0" timestamp="21 Jan 2015 21:38:38 GMT" time="693.319" errors="0">
  <testcase name="Chrome_AndroidMobile__AllPageTest" time="70.140" classname="com.proptiger1.MobileTestBed"/>
  <testcase name="Chrome_iPhone_AllPageTest" time="71.771" classname="com.proptiger1.MobileTestBed"/>
  <testcase name="FireFox_Android_AllPageTest" time="73.245" classname="com.proptiger1.MobileTestBed"/>
  <testcase name="Safari_iOS8__AllPageTest" time="87.395" classname="com.proptiger1.MobileTestBed"/>
  <testcase name="OperaMini_iPhone__AllPageTest" time="77.001" classname="com.proptiger1.MobileTestBed"/>
  <testcase name="OperaMini_Android__AllPageTest" time="77.659" classname="com.proptiger1.MobileTestBed"/>
  <testcase name="Safari_iOS7__AllPageTest" time="76.850" classname="com.proptiger1.MobileTestBed"/>
  <testcase name="IE_Nokia_Lumia920__AllPageTest" time="75.431" classname="com.proptiger1.MobileTestBed"/>
  <testcase name="Chrome_AndroidTablet_AllPageTest" time="83.827" classname="com.proptiger1.MobileTestBed"/>
</testsuite> <!-- com.proptiger1.MobileTestBed -->
