<?xml version="1.0" encoding="UTF-8"?>
<!-- Generated by org.testng.reporters.JUnitReportReporter -->
<testsuite hostname="vikas-Vostro-2420" name="com.proptiger1.DesktopTestBed" tests="6" failures="0" timestamp="8 Jan 2015 09:42:34 GMT" time="567.423" errors="0">
  <testcase name="ResponsicePage_FireFox_Linux" time="97.940" classname="com.proptiger1.DesktopTestBed"/>
  <testcase name="ResponsicePage_FireFox_Windows" time="90.742" classname="com.proptiger1.DesktopTestBed"/>
  <testcase name="ResponsicePage_Chrome_Windows" time="84.296" classname="com.proptiger1.DesktopTestBed"/>
  <testcase name="ResponsicePage_Chrome_Linux" time="105.680" classname="com.proptiger1.DesktopTestBed"/>
  <testcase name="ResponsicePage_Safari_Mac" time="97.026" classname="com.proptiger1.DesktopTestBed"/>
  <testcase name="ResponsicePage_Chrome_Mac" time="91.739" classname="com.proptiger1.DesktopTestBed"/>
</testsuite> <!-- com.proptiger1.DesktopTestBed -->
