<?xml version="1.0" encoding="UTF-8"?>
<!-- Generated by org.testng.reporters.JUnitReportReporter -->
<testsuite hostname="vikas-Vostro-2420" name="com.proptiger1.DesktopTestBed" tests="6" failures="0" timestamp="21 Jan 2015 21:38:38 GMT" time="431.138" errors="0">
  <testcase name="ResponsivePage_Chrome_Linux" time="67.711" classname="com.proptiger1.DesktopTestBed"/>
  <testcase name="ResponsivePage_FireFox_Linux" time="72.108" classname="com.proptiger1.DesktopTestBed"/>
  <testcase name="ResponsivePage_FireFox_Windows" time="73.863" classname="com.proptiger1.DesktopTestBed"/>
  <testcase name="ResponsivePage_Safari_Mac" time="69.422" classname="com.proptiger1.DesktopTestBed"/>
  <testcase name="ResponsivePage_Chrome_Mac" time="74.267" classname="com.proptiger1.DesktopTestBed"/>
  <testcase name="ResponsivePage_Chrome_Windows" time="73.767" classname="com.proptiger1.DesktopTestBed"/>
</testsuite> <!-- com.proptiger1.DesktopTestBed -->
