<?xml version="1.0" encoding="UTF-8"?>
<!-- Generated by org.testng.reporters.JUnitReportReporter -->
<testsuite hostname="vikas-Vostro-2420" name="com.proptiger1.CheckoutProcess_TestMatrix" tests="9" failures="0" timestamp="26 Dec 2014 21:36:23 GMT" time="771.150" errors="0">
  <testcase name="CheckoutSafari_iOS8" time="84.728" classname="com.proptiger1.CheckoutProcess_TestMatrix"/>
  <testcase name="OperaMini_iPhone__AllPageTest" time="84.897" classname="com.proptiger1.CheckoutProcess_TestMatrix"/>
  <testcase name="CheckoutFireFox_Android" time="85.590" classname="com.proptiger1.CheckoutProcess_TestMatrix"/>
  <testcase name="CheckoutChrome_AndroidMobile" time="82.866" classname="com.proptiger1.CheckoutProcess_TestMatrix"/>
  <testcase name="CheckoutChrome_iPhone" time="84.846" classname="com.proptiger1.CheckoutProcess_TestMatrix"/>
  <testcase name="CheckoutChrome_AndroidTablet" time="91.314" classname="com.proptiger1.CheckoutProcess_TestMatrix"/>
  <testcase name="CheckoutIE_Nokia_Lumia920" time="84.990" classname="com.proptiger1.CheckoutProcess_TestMatrix"/>
  <testcase name="CheckoutSafari_iOS7" time="87.002" classname="com.proptiger1.CheckoutProcess_TestMatrix"/>
  <testcase name="OperaMini_Android__AllPageTest" time="84.917" classname="com.proptiger1.CheckoutProcess_TestMatrix"/>
</testsuite> <!-- com.proptiger1.CheckoutProcess_TestMatrix -->
