<?xml version="1.0" encoding="UTF-8"?>
<!-- Generated by org.testng.reporters.JUnitReportReporter -->
<testsuite hostname="vikas-Vostro-2420" name="com.proptiger1.CheckoutProcess_TestMatrix" tests="7" failures="0" timestamp="25 Dec 2014 13:42:13 GMT" time="539.352" errors="0">
  <testcase name="CheckoutFireFox_Android" time="76.026" classname="com.proptiger1.CheckoutProcess_TestMatrix"/>
  <testcase name="CheckoutChrome_iPhone" time="74.707" classname="com.proptiger1.CheckoutProcess_TestMatrix"/>
  <testcase name="CheckoutSafari_iOS7" time="80.881" classname="com.proptiger1.CheckoutProcess_TestMatrix"/>
  <testcase name="CheckoutSafari_iOS8" time="76.210" classname="com.proptiger1.CheckoutProcess_TestMatrix"/>
  <testcase name="CheckoutIE_Nokia_Lumia920" time="76.065" classname="com.proptiger1.CheckoutProcess_TestMatrix"/>
  <testcase name="CheckoutChrome_AndroidTablet" time="78.193" classname="com.proptiger1.CheckoutProcess_TestMatrix"/>
  <testcase name="CheckoutChrome_AndroidMobile" time="77.270" classname="com.proptiger1.CheckoutProcess_TestMatrix"/>
</testsuite> <!-- com.proptiger1.CheckoutProcess_TestMatrix -->
