<?xml version="1.0" encoding="UTF-8"?>
<!-- Generated by org.testng.reporters.JUnitReportReporter -->
<testsuite hostname="vikas-Vostro-2420" name="com.proptiger1.CheckoutProcess_TestMatrix" tests="9" failures="0" timestamp="8 Jan 2015 09:42:34 GMT" time="1686.837" errors="1">
  <testcase name="CheckoutChrome_iPhone" time="179.633" classname="com.proptiger1.CheckoutProcess_TestMatrix"/>
  <testcase name="CheckoutSafari_iOS7" time="179.519" classname="com.proptiger1.CheckoutProcess_TestMatrix"/>
  <testcase name="CheckoutIE_Nokia_Lumia920" time="184.272" classname="com.proptiger1.CheckoutProcess_TestMatrix"/>
  <testcase name="CheckoutChrome_AndroidTablet" time="178.986" classname="com.proptiger1.CheckoutProcess_TestMatrix"/>
  <testcase name="CheckoutFireFox_Android" time="203.331" classname="com.proptiger1.CheckoutProcess_TestMatrix"/>
  <testcase name="OperaMini_iPhone__AllPageTest" time="186.781" classname="com.proptiger1.CheckoutProcess_TestMatrix"/>
  <testcase name="CheckoutSafari_iOS8" time="133.359" classname="com.proptiger1.CheckoutProcess_TestMatrix">
    <error type="java.lang.AssertionError" message="Offer city drop down is not available on offer landing page">
      <![CDATA[java.lang.AssertionError: Offer city drop down is not available on offer landing page
	at org.testng.Assert.fail(Assert.java:94)
	at com.proptiger1.PaymentGatewayTest.ValidateOfferLanding(PaymentGatewayTest.java:134)
	at com.proptiger1.PaymentGatewayTest.Pg_Test(PaymentGatewayTest.java:47)
	at com.proptiger1.CheckoutProcess_TestMatrix.CheckoutSafari_iOS8(CheckoutProcess_TestMatrix.java:68)
	at sun.reflect.NativeMethodAccessorImpl.invoke0(Native Method)
	at sun.reflect.NativeMethodAccessorImpl.invoke(NativeMethodAccessorImpl.java:57)
	at sun.reflect.DelegatingMethodAccessorImpl.invoke(DelegatingMethodAccessorImpl.java:43)
	at java.lang.reflect.Method.invoke(Method.java:606)
	at org.testng.internal.MethodInvocationHelper.invokeMethod(MethodInvocationHelper.java:84)
	at org.testng.internal.Invoker.invokeMethod(Invoker.java:714)
	at org.testng.internal.Invoker.invokeTestMethod(Invoker.java:901)
	at org.testng.internal.Invoker.invokeTestMethods(Invoker.java:1231)
	at org.testng.internal.TestMethodWorker.invokeTestMethods(TestMethodWorker.java:127)
	at org.testng.internal.TestMethodWorker.run(TestMethodWorker.java:111)
	at org.testng.TestRunner.privateRun(TestRunner.java:767)
	at org.testng.TestRunner.run(TestRunner.java:617)
	at org.testng.SuiteRunner.runTest(SuiteRunner.java:334)
	at org.testng.SuiteRunner.runSequentially(SuiteRunner.java:329)
	at org.testng.SuiteRunner.privateRun(SuiteRunner.java:291)
	at org.testng.SuiteRunner.run(SuiteRunner.java:240)
	at org.testng.SuiteRunnerWorker.runSuite(SuiteRunnerWorker.java:52)
	at org.testng.SuiteRunnerWorker.run(SuiteRunnerWorker.java:86)
	at org.testng.TestNG.runSuitesSequentially(TestNG.java:1224)
	at org.testng.TestNG.runSuitesLocally(TestNG.java:1149)
	at org.testng.TestNG.run(TestNG.java:1057)
	at org.testng.TestNG.privateMain(TestNG.java:1364)
	at org.testng.TestNG.main(TestNG.java:1333)
]]>
    </error>
  </testcase> <!-- CheckoutSafari_iOS8 -->
  <testcase name="OperaMini_Android__AllPageTest" time="194.209" classname="com.proptiger1.CheckoutProcess_TestMatrix"/>
  <testcase name="CheckoutChrome_AndroidMobile" time="246.747" classname="com.proptiger1.CheckoutProcess_TestMatrix"/>
</testsuite> <!-- com.proptiger1.CheckoutProcess_TestMatrix -->
