<?xml version="1.0" encoding="UTF-8"?>
<!-- Generated by org.testng.reporters.JUnitReportReporter -->
<testsuite hostname="vikas-Vostro-2420" name="com.proptiger1.MobileTestBed" tests="9" failures="0" timestamp="8 Jan 2015 09:42:34 GMT" time="2402.183" errors="0">
  <testcase name="Chrome_AndroidTablet_AllPageTest" time="248.879" classname="com.proptiger1.MobileTestBed"/>
  <testcase name="FireFox_Android_AllPageTest" time="326.125" classname="com.proptiger1.MobileTestBed"/>
  <testcase name="Safari_iOS8__AllPageTest" time="288.215" classname="com.proptiger1.MobileTestBed"/>
  <testcase name="IE_Nokia_Lumia920__AllPageTest" time="256.925" classname="com.proptiger1.MobileTestBed"/>
  <testcase name="OperaMini_Android__AllPageTest" time="261.932" classname="com.proptiger1.MobileTestBed"/>
  <testcase name="OperaMini_iPhone__AllPageTest" time="245.269" classname="com.proptiger1.MobileTestBed"/>
  <testcase name="Chrome_AndroidMobile__AllPageTest" time="286.227" classname="com.proptiger1.MobileTestBed"/>
  <testcase name="Safari_iOS7__AllPageTest" time="249.568" classname="com.proptiger1.MobileTestBed"/>
  <testcase name="Chrome_iPhone_AllPageTest" time="239.043" classname="com.proptiger1.MobileTestBed"/>
</testsuite> <!-- com.proptiger1.MobileTestBed -->
