<?xml version="1.0" encoding="UTF-8"?>
<!-- Generated by org.testng.reporters.JUnitReportReporter -->
<testsuite hostname="vikas-Vostro-2420" name="com.proptiger1.CheckoutProcess_TestMatrix" tests="9" failures="0" timestamp="26 Dec 2014 16:00:48 GMT" time="763.234" errors="0">
  <testcase name="CheckoutChrome_AndroidMobile" time="83.731" classname="com.proptiger1.CheckoutProcess_TestMatrix"/>
  <testcase name="CheckoutSafari_iOS8" time="83.350" classname="com.proptiger1.CheckoutProcess_TestMatrix"/>
  <testcase name="CheckoutChrome_AndroidTablet" time="82.171" classname="com.proptiger1.CheckoutProcess_TestMatrix"/>
  <testcase name="CheckoutFireFox_Android" time="83.546" classname="com.proptiger1.CheckoutProcess_TestMatrix"/>
  <testcase name="OperaMini_iPhone__AllPageTest" time="87.001" classname="com.proptiger1.CheckoutProcess_TestMatrix"/>
  <testcase name="CheckoutChrome_iPhone" time="90.759" classname="com.proptiger1.CheckoutProcess_TestMatrix"/>
  <testcase name="CheckoutSafari_iOS7" time="82.823" classname="com.proptiger1.CheckoutProcess_TestMatrix"/>
  <testcase name="CheckoutIE_Nokia_Lumia920" time="88.054" classname="com.proptiger1.CheckoutProcess_TestMatrix"/>
  <testcase name="OperaMini_Android__AllPageTest" time="81.799" classname="com.proptiger1.CheckoutProcess_TestMatrix"/>
</testsuite> <!-- com.proptiger1.CheckoutProcess_TestMatrix -->
