<?xml version="1.0" encoding="UTF-8"?>
<!-- Generated by org.testng.reporters.JUnitReportReporter -->
<testsuite hostname="vikas-Vostro-2420" name="com.proptiger1.DesktopTestBed" tests="6" failures="0" timestamp="31 Dec 2014 21:36:11 GMT" time="200.844" errors="0">
  <testcase name="ResponsicePage_Chrome_Windows" time="31.253" classname="com.proptiger1.DesktopTestBed"/>
  <testcase name="ResponsicePage_FireFox_Linux" time="36.434" classname="com.proptiger1.DesktopTestBed"/>
  <testcase name="ResponsicePage_FireFox_Windows" time="31.942" classname="com.proptiger1.DesktopTestBed"/>
  <testcase name="ResponsicePage_Safari_Mac" time="33.098" classname="com.proptiger1.DesktopTestBed"/>
  <testcase name="ResponsicePage_Chrome_Mac" time="32.030" classname="com.proptiger1.DesktopTestBed"/>
  <testcase name="ResponsicePage_Chrome_Linux" time="36.087" classname="com.proptiger1.DesktopTestBed"/>
</testsuite> <!-- com.proptiger1.DesktopTestBed -->
