<?xml version="1.0" encoding="UTF-8"?>
<!-- Generated by org.testng.reporters.JUnitReportReporter -->
<testsuite hostname="vikas-Vostro-2420" name="com.proptiger1.Mailer_Number_Check" tests="1" failures="0" timestamp="12 Apr 2015 14:51:14 GMT" time="152.434" errors="0">
  <testcase name="numbertest" time="152.434" classname="com.proptiger1.Mailer_Number_Check"/>
</testsuite> <!-- com.proptiger1.Mailer_Number_Check -->
